<?xml version="1.0" encoding="UTF-8"?>
<!-- Generated by org.testng.reporters.JUnitReportReporter -->
<testsuite skipped="0" hostname="Administrators-MacBook-Pro-9.local" name="com.qa.hubspot.testcases.HomePageTest" tests="6" failures="0" timestamp="07 Nov 2018 03:09:08 GMT" time="110.110" errors="0">
  <testcase name="verifyHomePageTitleTest" time="10.807" classname="com.qa.hubspot.testcases.HomePageTest"/>
  <testcase name="verifyHomePageTitleTest" time="21.172" classname="com.qa.hubspot.testcases.HomePageTest"/>
  <testcase name="verifyHomePageHeaderTest" time="30.110" classname="com.qa.hubspot.testcases.HomePageTest"/>
  <testcase name="verifyHomePageHeaderTest" time="13.682" classname="com.qa.hubspot.testcases.HomePageTest"/>
  <testcase name="verifyCorrectLoggedInAccountNameTest" time="11.863" classname="com.qa.hubspot.testcases.HomePageTest"/>
  <testcase name="verifyCorrectLoggedInAccountNameTest" time="22.476" classname="com.qa.hubspot.testcases.HomePageTest"/>
</testsuite> <!-- com.qa.hubspot.testcases.HomePageTest -->
